* using log directory ‘/Users/Martini/Dropbox/LiU/Rprog/Lab3/Lab3.Rcheck’
* using R version 3.1.1 (2014-07-10)
* using platform: x86_64-apple-darwin13.1.0 (64-bit)
* using session charset: UTF-8
* checking for file ‘Lab3/DESCRIPTION’ ... OK
* checking extension type ... Package
* this is package ‘Lab3’ version ‘1.0’
* checking package namespace information ... OK
* checking package dependencies ... OK
* checking if this is a source package ... OK
* checking if there is a namespace ... OK
* checking for executable files ... OK
* checking for hidden files and directories ... OK
* checking for portable file names ... OK
* checking for sufficient/correct file permissions ... OK
* checking whether package ‘Lab3’ can be installed ... WARNING
Found the following significant warnings:
  Warning: /Users/Martini/Dropbox/LiU/Rprog/Lab3/Lab3.Rcheck/00_pkg_src/Lab3/man/Lab3-package.Rd:33: All text must be in a section
  Warning: /Users/Martini/Dropbox/LiU/Rprog/Lab3/Lab3.Rcheck/00_pkg_src/Lab3/man/Lab3-package.Rd:34: All text must be in a section
See ‘/Users/Martini/Dropbox/LiU/Rprog/Lab3/Lab3.Rcheck/00install.out’ for details.
* checking installed package size ... OK
* checking package directory ... OK
* checking DESCRIPTION meta-information ... WARNING
Non-standard license specification:
  What license is it under?
Standardizable: FALSE
* checking top-level files ... OK
* checking for left-over files ... OK
* checking index information ... OK
* checking package subdirectories ... OK
* checking R files for non-ASCII characters ... OK
* checking R files for syntax errors ... OK
* checking whether the package can be loaded ... OK
* checking whether the package can be loaded with stated dependencies ... OK
* checking whether the package can be unloaded cleanly ... OK
* checking whether the namespace can be loaded with stated dependencies ... OK
* checking whether the namespace can be unloaded cleanly ... OK
* checking dependencies in R code ... OK
* checking S3 generic/method consistency ... OK
* checking replacement functions ... OK
* checking foreign function calls ... OK
* checking R code for possible problems ... OK
* checking Rd files ... WARNING
prepare_Rd: Lab3-package.Rd:33: All text must be in a section
prepare_Rd: Lab3-package.Rd:34: All text must be in a section
prepare_Rd: dijkstra.Rd:7-9: Dropping empty section \description
prepare_Rd: dijkstra.Rd:22-24: Dropping empty section \details
prepare_Rd: dijkstra.Rd:25-31: Dropping empty section \value
prepare_Rd: dijkstra.Rd:38-40: Dropping empty section \note
prepare_Rd: dijkstra.Rd:35-37: Dropping empty section \author
prepare_Rd: dijkstra.Rd:32-34: Dropping empty section \references
prepare_Rd: dijkstra.Rd:44-46: Dropping empty section \seealso
checkRd: (5) dijkstra.Rd:0-93: Must have a \description
prepare_Rd: euclidian.Rd:7-9: Dropping empty section \description
prepare_Rd: euclidian.Rd:22-24: Dropping empty section \details
prepare_Rd: euclidian.Rd:25-31: Dropping empty section \value
prepare_Rd: euclidian.Rd:38-40: Dropping empty section \note
prepare_Rd: euclidian.Rd:35-37: Dropping empty section \author
prepare_Rd: euclidian.Rd:32-34: Dropping empty section \references
prepare_Rd: euclidian.Rd:44-46: Dropping empty section \seealso
checkRd: (5) euclidian.Rd:0-73: Must have a \description
* checking Rd metadata ... OK
* checking Rd line widths ... OK
* checking Rd cross-references ... WARNING
Unknown package ‘<pkg>’ in Rd xrefs
* checking for missing documentation entries ... OK
* checking for code/documentation mismatches ... OK
* checking Rd \usage sections ... OK
* checking Rd contents ... WARNING
Auto-generated content requiring editing in Rd object 'dijkstra':
  \title

Auto-generated content requiring editing in Rd object 'euclidian':
  \title

* checking for unstated dependencies in examples ... WARNING
Warning: parse error in file 'Lab3-Ex.R':
20:11: unexpected symbol
19: 
20: ~~ simple examples
              ^
* checking examples ... ERROR
Running examples in ‘Lab3-Ex.R’ failed
The error most likely occurred in:

> base::assign(".ptime", proc.time(), pos = "CheckExEnv")
> ### Name: Lab3-package
> ### Title: What the package does (short line) ~~ package title ~~
> ### Aliases: Lab3-package Lab3
> ### Keywords: package
> 
> ### ** Examples
> 
> ~~ simple examples of the most important functions ~~
Error: unexpected symbol in "~~ simple examples"
Execution halted
